[22:18:18] [main/DEBUG] [FML/]: Injecting tracing printstreams for STDOUT/STDERR.
[22:18:19] [main/INFO] [FML/]: Forge Mod Loader version 7.99.40.1614 for Minecraft 1.7.10 loading
[22:18:19] [main/INFO] [FML/]: Java is Java HotSpot(TM) 64-Bit Server VM, version 1.8.0_241, running on Windows 10:amd64:10.0, installed at C:\Program Files\Java\jre1.8.0_241
[22:18:19] [main/DEBUG] [FML/]: Java classpath at launch is FTBServer-1.7.10-1614.jar
[22:18:19] [main/DEBUG] [FML/]: Java library path at launch is C:\Program Files (x86)\Common Files\Oracle\Java\javapath;C:\Windows\Sun\Java\bin;C:\Windows\system32;C:\Windows;C:\Program Files (x86)\Common Files\Oracle\Java\javapath;C:\Program Files (x86)\Intel\iCLS Client\;C:\Program Files\Intel\iCLS Client\;C:\Windows\system32;C:\Windows;C:\Windows\System32\Wbem;C:\Windows\System32\WindowsPowerShell\v1.0\;C:\Windows\System32\OpenSSH\;C:\Program Files (x86)\Intel\Intel(R) Management Engine Components\DAL;C:\Program Files\Intel\Intel(R) Management Engine Components\DAL;C:\Program Files (x86)\Intel\Intel(R) Management Engine Components\IPT;C:\Program Files\Intel\Intel(R) Management Engine Components\IPT;C:\Program Files (x86)\NVIDIA Corporation\PhysX\Common;C:\Program Files\Intel\WiFi\bin\;C:\Program Files\Common Files\Intel\WirelessCommon\;C:\Program Files\NVIDIA Corporation\NVIDIA NvDLISR;C:\Program Files\Git\cmd;C:\Program Files\PuTTY\;C:\Users\Tofu\AppData\Local\Programs\Python\Python38-32\Scripts\;C:\Users\Tofu\AppData\Local\Programs\Python\Python38-32\;C:\Users\Tofu\AppData\Local\Microsoft\WindowsApps;D:\Users\Tofu\AppData\Local\Programs\Microsoft VS Code\bin;C:\Users\Tofu\AppData\Local\GitHubDesktop\bin;C:\Users\Tofu\AppData\Local\atom\bin;.
[22:18:19] [main/DEBUG] [FML/]: Enabling runtime deobfuscation
[22:18:19] [main/DEBUG] [FML/]: Instantiating coremod class FMLCorePlugin
[22:18:19] [main/DEBUG] [FML/]: Added access transformer class cpw.mods.fml.common.asm.transformers.AccessTransformer to enqueued access transformers
[22:18:19] [main/DEBUG] [FML/]: Enqueued coremod FMLCorePlugin
[22:18:19] [main/DEBUG] [FML/]: Instantiating coremod class FMLForgePlugin
[22:18:19] [main/DEBUG] [FML/]: Added access transformer class net.minecraftforge.transformers.ForgeAccessTransformer to enqueued access transformers
[22:18:19] [main/DEBUG] [FML/]: Enqueued coremod FMLForgePlugin
[22:18:19] [main/DEBUG] [FML/]: All fundamental core mods are successfully located
[22:18:19] [main/DEBUG] [FML/]: Attempting to load commandline specified mods, relative to F:\01Minecraft\CCIT-Minecraft-Server\FTB_Infinity_1.7.10\.
[22:18:19] [main/DEBUG] [FML/]: Discovering coremods
[22:18:19] [main/DEBUG] [FML/]: Examining for coremod candidacy AdvancedSolarPanel-1.7.10-3.5.1.jar
[22:18:19] [main/DEBUG] [FML/]: Not found coremod data in AdvancedSolarPanel-1.7.10-3.5.1.jar
[22:18:19] [main/DEBUG] [FML/]: Examining for coremod candidacy AgriCraft-1.7.10-1.5.0.jar
[22:18:19] [main/DEBUG] [FML/]: Not found coremod data in AgriCraft-1.7.10-1.5.0.jar
[22:18:19] [main/DEBUG] [FML/]: Examining for coremod candidacy AOBD-2.9.2.jar
[22:18:19] [main/DEBUG] [FML/]: Not found coremod data in AOBD-2.9.2.jar
[22:18:19] [main/DEBUG] [FML/]: Examining for coremod candidacy appliedenergistics2-rv3-beta-6.jar
[22:18:19] [main/TRACE] [FML/]: Found FMLCorePluginContainsFMLMod marker in appliedenergistics2-rv3-beta-6.jar, it will be examined later for regular @Mod instances
[22:18:19] [main/DEBUG] [FML/]: Instantiating coremod class AppEngCore
[22:18:19] [main/DEBUG] [FML/]: The coremod appeng.transformer.AppEngCore requested minecraft version 1.7.10 and minecraft is 1.7.10. It will be loaded.
[22:18:19] [main/INFO] [FML/]: [AppEng] Core Init
[22:18:19] [main/DEBUG] [FML/]: Added access transformer class appeng.transformer.asm.ASMTweaker to enqueued access transformers
[22:18:19] [main/DEBUG] [FML/]: Enqueued coremod AppEngCore
[22:18:19] [main/DEBUG] [FML/]: Examining for coremod candidacy Aroma1997Core-1.7.10-1.0.2.16.jar
[22:18:19] [main/TRACE] [FML/]: Found FMLCorePluginContainsFMLMod marker in Aroma1997Core-1.7.10-1.0.2.16.jar, it will be examined later for regular @Mod instances
[22:18:19] [main/DEBUG] [FML/]: Instantiating coremod class CoreMod
[22:18:19] [main/WARN] [FML/]: The coremod aroma1997.core.coremod.CoreMod does not have a MCVersion annotation, it may cause issues with this version of Minecraft
[22:18:19] [main/DEBUG] [FML/]: Added access transformer class aroma1997.core.coremod.asm.AromaAccessTransformer to enqueued access transformers
[22:18:19] [main/DEBUG] [FML/]: Enqueued coremod CoreMod
[22:18:19] [main/DEBUG] [FML/]: Examining for coremod candidacy Aroma1997s-Dimensional-World-1.7.10-1.1.0.1.jar
[22:18:19] [main/DEBUG] [FML/]: Not found coremod data in Aroma1997s-Dimensional-World-1.7.10-1.1.0.1.jar
[22:18:19] [main/DEBUG] [FML/]: Examining for coremod candidacy Avaritia-1.13.jar
[22:18:19] [main/DEBUG] [FML/]: Not found coremod data in Avaritia-1.13.jar
[22:18:19] [main/DEBUG] [FML/]: Examining for coremod candidacy Baubles-1.7.10-1.0.1.10.jar
[22:18:19] [main/DEBUG] [FML/]: Not found coremod data in Baubles-1.7.10-1.0.1.10.jar
[22:18:19] [main/DEBUG] [FML/]: Examining for coremod candidacy bdlib-1.9.4.109-mc1.7.10.jar
[22:18:19] [main/DEBUG] [FML/]: Not found coremod data in bdlib-1.9.4.109-mc1.7.10.jar
[22:18:19] [main/DEBUG] [FML/]: Examining for coremod candidacy BiblioCraft[v1.11.7][MC1.7.10].jar
[22:18:19] [main/DEBUG] [FML/]: Not found coremod data in BiblioCraft[v1.11.7][MC1.7.10].jar
[22:18:19] [main/DEBUG] [FML/]: Examining for coremod candidacy BiblioWoods[BiomesOPlenty][v1.9].jar
[22:18:19] [main/DEBUG] [FML/]: Not found coremod data in BiblioWoods[BiomesOPlenty][v1.9].jar
[22:18:19] [main/DEBUG] [FML/]: Examining for coremod candidacy BiblioWoods[Forestry][v1.7].jar
[22:18:19] [main/DEBUG] [FML/]: Not found coremod data in BiblioWoods[Forestry][v1.7].jar
[22:18:19] [main/DEBUG] [FML/]: Examining for coremod candidacy BiblioWoods[Natura][v1.5].jar
[22:18:19] [main/DEBUG] [FML/]: Not found coremod data in BiblioWoods[Natura][v1.5].jar
[22:18:19] [main/DEBUG] [FML/]: Examining for coremod candidacy BigReactors-0.4.3A.jar
[22:18:19] [main/DEBUG] [FML/]: Not found coremod data in BigReactors-0.4.3A.jar
[22:18:19] [main/DEBUG] [FML/]: Examining for coremod candidacy Binnie Patcher 1.8.jar
[22:18:19] [main/TRACE] [FML/]: Found FMLCorePluginContainsFMLMod marker in Binnie Patcher 1.8.jar, it will be examined later for regular @Mod instances
[22:18:19] [main/DEBUG] [FML/]: Instantiating coremod class BinniePatcher
[22:18:19] [main/TRACE] [FML/]: coremod named Binnie Patcher ASM is loading
[22:18:19] [main/DEBUG] [FML/]: The coremod chocohead.patcher.BinniePatcher requested minecraft version 1.7.10 and minecraft is 1.7.10. It will be loaded.
[22:18:19] [main/DEBUG] [FML/]: Enqueued coremod Binnie Patcher ASM
[22:18:19] [main/DEBUG] [FML/]: Examining for coremod candidacy binnie-mods-2.0-pre14.jar
[22:18:19] [main/DEBUG] [FML/]: Not found coremod data in binnie-mods-2.0-pre14.jar
[22:18:19] [main/DEBUG] [FML/]: Examining for coremod candidacy BiomesOPlenty-1.7.10-2.1.0.1889-universal.jar
[22:18:19] [main/DEBUG] [FML/]: Not found coremod data in BiomesOPlenty-1.7.10-2.1.0.1889-universal.jar
[22:18:19] [main/DEBUG] [FML/]: Examining for coremod candidacy BloodMagic-1.7.10-1.3.3-17.jar
[22:18:19] [main/DEBUG] [FML/]: Not found coremod data in BloodMagic-1.7.10-1.3.3-17.jar
[22:18:19] [main/DEBUG] [FML/]: Examining for coremod candidacy Botania r1.8-249.jar
[22:18:19] [main/DEBUG] [FML/]: Not found coremod data in Botania r1.8-249.jar
[22:18:19] [main/DEBUG] [FML/]: Examining for coremod candidacy BrandonsCore-1.0.0.12.jar
[22:18:19] [main/TRACE] [FML/]: Found FMLCorePluginContainsFMLMod marker in BrandonsCore-1.0.0.12.jar, it will be examined later for regular @Mod instances
[22:18:19] [main/DEBUG] [FML/]: Instantiating coremod class LoadingPlugin
[22:18:19] [main/TRACE] [FML/]: coremod named Brandon's Core is loading
[22:18:19] [main/DEBUG] [FML/]: The coremod com.brandon3055.brandonscore.asm.LoadingPlugin requested minecraft version 1.7.10 and minecraft is 1.7.10. It will be loaded.
[22:18:19] [main/DEBUG] [FML/]: Enqueued coremod Brandon's Core
[22:18:19] [main/DEBUG] [FML/]: Examining for coremod candidacy buildcraft-7.1.23.jar
[22:18:19] [main/DEBUG] [FML/]: Not found coremod data in buildcraft-7.1.23.jar
[22:18:19] [main/DEBUG] [FML/]: Examining for coremod candidacy buildcraft-compat-7.1.7.jar
[22:18:19] [main/DEBUG] [FML/]: Not found coremod data in buildcraft-compat-7.1.7.jar
[22:18:19] [main/DEBUG] [FML/]: Examining for coremod candidacy Carpenter's Blocks v3.3.8.1 - MC 1.7.10.jar
[22:18:19] [main/DEBUG] [FML/]: Not found coremod data in Carpenter's Blocks v3.3.8.1 - MC 1.7.10.jar
[22:18:19] [main/DEBUG] [FML/]: Examining for coremod candidacy Chisel-2.9.5.11.jar
[22:18:19] [main/DEBUG] [FML/]: Not found coremod data in Chisel-2.9.5.11.jar
[22:18:19] [main/DEBUG] [FML/]: Examining for coremod candidacy CodeChickenCore-1.7.10-1.0.7.47-universal.jar
[22:18:19] [main/TRACE] [FML/]: Adding CodeChickenCore-1.7.10-1.0.7.47-universal.jar to the list of known coremods, it will not be examined again
[22:18:19] [main/DEBUG] [FML/]: Instantiating coremod class CodeChickenCorePlugin
[22:18:21] [main/WARN] [FML/]: The coremod codechicken.core.launch.CodeChickenCorePlugin does not have a MCVersion annotation, it may cause issues with this version of Minecraft
[22:18:21] [main/DEBUG] [FML/]: Added access transformer class codechicken.core.asm.CodeChickenAccessTransformer to enqueued access transformers
[22:18:21] [main/DEBUG] [FML/]: Enqueued coremod CodeChickenCorePlugin
[22:18:21] [main/DEBUG] [FML/]: Examining for coremod candidacy CodeChickenLib-1.7.10-1.1.3.138-universal.jar
[22:18:21] [main/DEBUG] [FML/]: Not found coremod data in CodeChickenLib-1.7.10-1.1.3.138-universal.jar
[22:18:22] [main/DEBUG] [FML/]: Examining for coremod candidacy CoFHCore-[1.7.10]3.1.4-329.jar
[22:18:22] [main/TRACE] [FML/]: Found FMLCorePluginContainsFMLMod marker in CoFHCore-[1.7.10]3.1.4-329.jar, it will be examined later for regular @Mod instances
[22:18:22] [main/DEBUG] [FML/]: Instantiating coremod class LoadingPlugin
[22:18:22] [main/WARN] [FML/]: The coremod cofh.asm.LoadingPlugin does not have a MCVersion annotation, it may cause issues with this version of Minecraft
[22:18:22] [main/DEBUG] [FML/]: Added access transformer class cofh.asm.CoFHAccessTransformer to enqueued access transformers
[22:18:22] [main/DEBUG] [FML/]: Enqueued coremod LoadingPlugin
[22:18:22] [main/DEBUG] [FML/]: Examining for coremod candidacy CoFHLib-[1.7.10]1.2.1-185.jar
[22:18:22] [main/DEBUG] [FML/]: Not found coremod data in CoFHLib-[1.7.10]1.2.1-185.jar
[22:18:22] [main/DEBUG] [FML/]: Examining for coremod candidacy commons-codec-1.9.jar
[22:18:22] [main/DEBUG] [FML/]: Not found coremod data in commons-codec-1.9.jar
[22:18:22] [main/DEBUG] [FML/]: Examining for coremod candidacy commons-compress-1.8.1.jar
[22:18:22] [main/DEBUG] [FML/]: Not found coremod data in commons-compress-1.8.1.jar
[22:18:22] [main/DEBUG] [FML/]: Examining for coremod candidacy ComputerCraft1.75.jar
[22:18:22] [main/DEBUG] [FML/]: Not found coremod data in ComputerCraft1.75.jar
[22:18:22] [main/DEBUG] [FML/]: Examining for coremod candidacy CraftTweaker-1.7.10-3.0.13.jar
[22:18:22] [main/DEBUG] [FML/]: Not found coremod data in CraftTweaker-1.7.10-3.0.13.jar
[22:18:22] [main/DEBUG] [FML/]: Examining for coremod candidacy Decocraft-2.4.2_1.7.10.jar
[22:18:22] [main/DEBUG] [FML/]: Not found coremod data in Decocraft-2.4.2_1.7.10.jar
[22:18:22] [main/DEBUG] [FML/]: Examining for coremod candidacy denseores-1.6.2.jar
[22:18:22] [main/DEBUG] [FML/]: Not found coremod data in denseores-1.6.2.jar
[22:18:22] [main/DEBUG] [FML/]: Examining for coremod candidacy Draconic-Evolution-1.7.10-1.0.2h.jar
[22:18:22] [main/DEBUG] [FML/]: Not found coremod data in Draconic-Evolution-1.7.10-1.0.2h.jar
[22:18:22] [main/DEBUG] [FML/]: Examining for coremod candidacy EnderCore-1.7.10-0.2.0.39_beta.jar
[22:18:22] [main/TRACE] [FML/]: Found FMLCorePluginContainsFMLMod marker in EnderCore-1.7.10-0.2.0.39_beta.jar, it will be examined later for regular @Mod instances
[22:18:22] [main/DEBUG] [FML/]: Instantiating coremod class EnderCorePlugin
[22:18:22] [main/DEBUG] [FML/]: The coremod com.enderio.core.common.transform.EnderCorePlugin requested minecraft version 1.7.10 and minecraft is 1.7.10. It will be loaded.
[22:18:22] [main/DEBUG] [FML/]: Enqueued coremod EnderCorePlugin
[22:18:22] [main/DEBUG] [FML/]: Examining for coremod candidacy EnderIO-1.7.10-2.3.0.429_beta.jar
[22:18:22] [main/DEBUG] [FML/]: Not found coremod data in EnderIO-1.7.10-2.3.0.429_beta.jar
[22:18:22] [main/DEBUG] [FML/]: Examining for coremod candidacy EnderStorage-1.7.10-1.4.7.37-universal.jar
[22:18:22] [main/DEBUG] [FML/]: Not found coremod data in EnderStorage-1.7.10-1.4.7.37-universal.jar
[22:18:22] [main/DEBUG] [FML/]: Examining for coremod candidacy EnderTech-1.7.10-0.3.2.405.jar
[22:18:22] [main/DEBUG] [FML/]: Not found coremod data in EnderTech-1.7.10-0.3.2.405.jar
[22:18:22] [main/DEBUG] [FML/]: Examining for coremod candidacy EnderZoo-1.7.10-1.0.15.32.jar
[22:18:22] [main/DEBUG] [FML/]: Not found coremod data in EnderZoo-1.7.10-1.0.15.32.jar
[22:18:22] [main/DEBUG] [FML/]: Examining for coremod candidacy ExtraCells-1.7.10-2.3.14b200.jar
[22:18:22] [main/DEBUG] [FML/]: Not found coremod data in ExtraCells-1.7.10-2.3.14b200.jar
[22:18:22] [main/DEBUG] [FML/]: Examining for coremod candidacy ExtraTiC-1.7.10-1.4.6.jar
[22:18:22] [main/DEBUG] [FML/]: Not found coremod data in ExtraTiC-1.7.10-1.4.6.jar
[22:18:22] [main/DEBUG] [FML/]: Examining for coremod candidacy extrautilities-1.2.12.jar
[22:18:22] [main/DEBUG] [FML/]: Not found coremod data in extrautilities-1.2.12.jar
[22:18:22] [main/DEBUG] [FML/]: Examining for coremod candidacy fastcraft-1.25.jar
[22:18:22] [main/INFO] [FML/]: Loading tweaker fastcraft.Tweaker from fastcraft-1.25.jar
[22:18:22] [main/DEBUG] [FML/]: Examining for coremod candidacy FastLeafDecay-1.7.10-1.4.jar
[22:18:22] [main/TRACE] [FML/]: Found FMLCorePluginContainsFMLMod marker in FastLeafDecay-1.7.10-1.4.jar, it will be examined later for regular @Mod instances
[22:18:22] [main/DEBUG] [FML/]: Instantiating coremod class FldLoadingPlugin
[22:18:22] [main/DEBUG] [FML/]: The coremod com.olafski.fastleafdecay.FldLoadingPlugin requested minecraft version 1.7.10 and minecraft is 1.7.10. It will be loaded.
[22:18:22] [main/DEBUG] [FML/]: Enqueued coremod FldLoadingPlugin
[22:18:22] [main/DEBUG] [FML/]: Examining for coremod candidacy Forbidden Magic-1.7.10-0.575.jar
[22:18:22] [main/DEBUG] [FML/]: Not found coremod data in Forbidden Magic-1.7.10-0.575.jar
[22:18:22] [main/DEBUG] [FML/]: Examining for coremod candidacy forestry_1.7.10-4.2.16.64.jar
[22:18:22] [main/INFO] [FML/]: Loading tweaker forestry.shade.javacheck.Java7Checker from forestry_1.7.10-4.2.16.64.jar
[22:18:22] [main/DEBUG] [FML/]: Examining for coremod candidacy ForgeMultipart-1.7.10-1.2.0.345-universal.jar
[22:18:22] [main/TRACE] [FML/]: Found FMLCorePluginContainsFMLMod marker in ForgeMultipart-1.7.10-1.2.0.345-universal.jar, it will be examined later for regular @Mod instances
[22:18:22] [main/DEBUG] [FML/]: Instantiating coremod class DepLoader
[22:18:22] [main/WARN] [FML/]: The coremod codechicken.core.launch.DepLoader does not have a MCVersion annotation, it may cause issues with this version of Minecraft
[22:18:22] [main/DEBUG] [FML/]: Enqueued coremod DepLoader
[22:18:22] [main/DEBUG] [FML/]: Examining for coremod candidacy ForgeRelocation-0.0.1.4-universal.jar
[22:18:22] [main/TRACE] [FML/]: Found FMLCorePluginContainsFMLMod marker in ForgeRelocation-0.0.1.4-universal.jar, it will be examined later for regular @Mod instances
[22:18:22] [main/DEBUG] [FML/]: Instantiating coremod class RelocationPlugin
[22:18:22] [main/WARN] [FML/]: The coremod mrtjp.relocation.asm.RelocationPlugin does not have a MCVersion annotation, it may cause issues with this version of Minecraft
[22:18:22] [main/DEBUG] [FML/]: Enqueued coremod RelocationPlugin
[22:18:22] [main/DEBUG] [FML/]: Examining for coremod candidacy ForgeRelocationFMP-0.0.1.2-universal.jar
[22:18:22] [main/DEBUG] [FML/]: Not found coremod data in ForgeRelocationFMP-0.0.1.2-universal.jar
[22:18:22] [main/DEBUG] [FML/]: Examining for coremod candidacy FTBLib-1.7.10-1.0.18.3.jar
[22:18:22] [main/DEBUG] [FML/]: Not found coremod data in FTBLib-1.7.10-1.0.18.3.jar
[22:18:22] [main/DEBUG] [FML/]: Examining for coremod candidacy FTBTweaks-1.0.2.jar
[22:18:22] [main/DEBUG] [FML/]: Not found coremod data in FTBTweaks-1.0.2.jar
[22:18:22] [main/DEBUG] [FML/]: Examining for coremod candidacy FTBUtilities-1.7.10-1.0.18.3.jar
[22:18:22] [main/DEBUG] [FML/]: Not found coremod data in FTBUtilities-1.7.10-1.0.18.3.jar
[22:18:22] [main/DEBUG] [FML/]: Examining for coremod candidacy funky-locomotion-1.7.10-beta-7.jar
[22:18:22] [main/DEBUG] [FML/]: Not found coremod data in funky-locomotion-1.7.10-beta-7.jar
[22:18:22] [main/DEBUG] [FML/]: Examining for coremod candidacy gendustry-1.6.3.132-mc1.7.10.jar
[22:18:22] [main/DEBUG] [FML/]: Not found coremod data in gendustry-1.6.3.132-mc1.7.10.jar
[22:18:22] [main/DEBUG] [FML/]: Examining for coremod candidacy GraviSuite-1.7.10-2.0.3.jar
[22:18:22] [main/DEBUG] [FML/]: Examining for coremod candidacy Guide-API-1.7.10-1.0.1-20.jar
[22:18:22] [main/DEBUG] [FML/]: Not found coremod data in Guide-API-1.7.10-1.0.1-20.jar
[22:18:22] [main/DEBUG] [FML/]: Examining for coremod candidacy Hats-4.0.1.jar
[22:18:22] [main/DEBUG] [FML/]: Not found coremod data in Hats-4.0.1.jar
[22:18:22] [main/DEBUG] [FML/]: Examining for coremod candidacy HatStand-4.0.0.jar
[22:18:22] [main/DEBUG] [FML/]: Not found coremod data in HatStand-4.0.0.jar
[22:18:22] [main/DEBUG] [FML/]: Examining for coremod candidacy Headcrumbs-1.7.4.jar
[22:18:22] [main/DEBUG] [FML/]: Not found coremod data in Headcrumbs-1.7.4.jar
[22:18:22] [main/DEBUG] [FML/]: Examining for coremod candidacy HQM-The Journey-4.4.4.jar
[22:18:22] [main/DEBUG] [FML/]: Not found coremod data in HQM-The Journey-4.4.4.jar
[22:18:22] [main/DEBUG] [FML/]: Examining for coremod candidacy IC2NuclearControl-2.4.3a.jar
[22:18:22] [main/DEBUG] [FML/]: Not found coremod data in IC2NuclearControl-2.4.3a.jar
[22:18:22] [main/DEBUG] [FML/]: Examining for coremod candidacy iChunUtil-4.2.3.jar
[22:18:22] [main/DEBUG] [FML/]: Not found coremod data in iChunUtil-4.2.3.jar
[22:18:22] [main/DEBUG] [FML/]: Examining for coremod candidacy ImmersiveEngineering-0.7.7.jar
[22:18:22] [main/DEBUG] [FML/]: Not found coremod data in ImmersiveEngineering-0.7.7.jar
[22:18:22] [main/DEBUG] [FML/]: Examining for coremod candidacy immersiveintegration-0.6.8.jar
[22:18:22] [main/DEBUG] [FML/]: Not found coremod data in immersiveintegration-0.6.8.jar
[22:18:22] [main/DEBUG] [FML/]: Examining for coremod candidacy industrialcraft-2-2.2.827-experimental.jar
[22:18:22] [main/TRACE] [FML/]: Found FMLCorePluginContainsFMLMod marker in industrialcraft-2-2.2.827-experimental.jar, it will be examined later for regular @Mod instances
[22:18:22] [main/DEBUG] [FML/]: Instantiating coremod class IC2core
[22:18:22] [main/WARN] [FML/]: The coremod ic2.core.coremod.IC2core does not have a MCVersion annotation, it may cause issues with this version of Minecraft
[22:18:22] [main/DEBUG] [FML/]: Enqueued coremod IC2core
[22:18:22] [main/DEBUG] [FML/]: Examining for coremod candidacy INpureCore-[1.7.10]1.0.0B9-62.jar
[22:18:22] [main/TRACE] [FML/]: Found FMLCorePluginContainsFMLMod marker in INpureCore-[1.7.10]1.0.0B9-62.jar, it will be examined later for regular @Mod instances
[22:18:22] [main/DEBUG] [FML/]: Instantiating coremod class INpurePreLoader
[22:18:22] [main/TRACE] [FML/]: coremod named INpurePreLoader is loading
[22:18:22] [main/DEBUG] [FML/]: The coremod info.inpureprojects.core.Preloader.INpurePreLoader requested minecraft version 1.7.10 and minecraft is 1.7.10. It will be loaded.
[22:18:22] [main/DEBUG] [FML/]: Enqueued coremod INpurePreLoader
[22:18:22] [main/DEBUG] [FML/]: Examining for coremod candidacy InventoryTweaks-1.59-dev-152.jar
[22:18:22] [main/TRACE] [FML/]: Found FMLCorePluginContainsFMLMod marker in InventoryTweaks-1.59-dev-152.jar, it will be examined later for regular @Mod instances
[22:18:22] [main/DEBUG] [FML/]: Instantiating coremod class FMLPlugin
[22:18:22] [main/WARN] [FML/]: The coremod invtweaks.forge.asm.FMLPlugin does not have a MCVersion annotation, it may cause issues with this version of Minecraft
[22:18:22] [main/DEBUG] [FML/]: Added access transformer class invtweaks.forge.asm.ITAccessTransformer to enqueued access transformers
[22:18:22] [main/DEBUG] [FML/]: Enqueued coremod FMLPlugin
[22:18:22] [main/DEBUG] [FML/]: Examining for coremod candidacy ironchest-1.7.10-6.0.62.742-universal.jar
[22:18:22] [main/DEBUG] [FML/]: Not found coremod data in ironchest-1.7.10-6.0.62.742-universal.jar
[22:18:22] [main/DEBUG] [FML/]: Examining for coremod candidacy Jabba-1.2.2_1.7.10.jar
[22:18:22] [main/DEBUG] [FML/]: Not found coremod data in Jabba-1.2.2_1.7.10.jar
[22:18:22] [main/DEBUG] [FML/]: Examining for coremod candidacy journeymap-1.7.10-5.1.4p2-unlimited.jar
[22:18:22] [main/DEBUG] [FML/]: Not found coremod data in journeymap-1.7.10-5.1.4p2-unlimited.jar
[22:18:22] [main/DEBUG] [FML/]: Examining for coremod candidacy letsencryptcraft-1.7.10-1.2.0.jar
[22:18:22] [main/DEBUG] [FML/]: Not found coremod data in letsencryptcraft-1.7.10-1.2.0.jar
[22:18:22] [main/DEBUG] [FML/]: Examining for coremod candidacy logisticspipes-0.9.3.132.jar
[22:18:22] [main/TRACE] [FML/]: Found FMLCorePluginContainsFMLMod marker in logisticspipes-0.9.3.132.jar, it will be examined later for regular @Mod instances
[22:18:22] [main/DEBUG] [FML/]: Instantiating coremod class LogisticsPipesCoreLoader
[22:18:22] [main/WARN] [FML/]: The coremod logisticspipes.asm.LogisticsPipesCoreLoader does not have a MCVersion annotation, it may cause issues with this version of Minecraft
[22:18:22] [main/DEBUG] [FML/]: Added access transformer class logisticspipes.asm.LogisticsAccessTransformer to enqueued access transformers
[22:18:22] [main/DEBUG] [FML/]: Enqueued coremod LogisticsPipesCoreLoader
[22:18:22] [main/DEBUG] [FML/]: Examining for coremod candidacy magicbees-1.7.10-2.4.4.jar
[22:18:22] [main/DEBUG] [FML/]: Not found coremod data in magicbees-1.7.10-2.4.4.jar
[22:18:22] [main/DEBUG] [FML/]: Examining for coremod candidacy Mantle-1.7.10-0.3.2b.jar
[22:18:22] [main/DEBUG] [FML/]: Not found coremod data in Mantle-1.7.10-0.3.2b.jar
[22:18:22] [main/DEBUG] [FML/]: Examining for coremod candidacy mcjtylib-1.8.1.jar
[22:18:22] [main/DEBUG] [FML/]: Not found coremod data in mcjtylib-1.8.1.jar
[22:18:22] [main/DEBUG] [FML/]: Examining for coremod candidacy MineFactoryReloaded-[1.7.10]2.8.1-174.jar
[22:18:22] [main/DEBUG] [FML/]: Not found coremod data in MineFactoryReloaded-[1.7.10]2.8.1-174.jar
[22:18:22] [main/DEBUG] [FML/]: Examining for coremod candidacy ModTweaker2-0.9.6.jar
[22:18:22] [main/DEBUG] [FML/]: Not found coremod data in ModTweaker2-0.9.6.jar
[22:18:22] [main/DEBUG] [FML/]: Examining for coremod candidacy Morpheus-1.7.10-1.6.21.jar
[22:18:22] [main/DEBUG] [FML/]: Not found coremod data in Morpheus-1.7.10-1.6.21.jar
[22:18:22] [main/DEBUG] [FML/]: Examining for coremod candidacy MrTJPCore-1.1.0.33-universal.jar
[22:18:22] [main/TRACE] [FML/]: Found FMLCorePluginContainsFMLMod marker in MrTJPCore-1.1.0.33-universal.jar, it will be examined later for regular @Mod instances
[22:18:22] [main/DEBUG] [FML/]: Instantiating coremod class CorePlugin
[22:18:22] [main/WARN] [FML/]: The coremod mrtjp.core.handler.CorePlugin does not have a MCVersion annotation, it may cause issues with this version of Minecraft
[22:18:22] [main/DEBUG] [FML/]: Enqueued coremod CorePlugin
[22:18:22] [main/DEBUG] [FML/]: Examining for coremod candidacy mystcraft-1.7.10-0.12.3.04.jar
[22:18:22] [main/DEBUG] [FML/]: Not found coremod data in mystcraft-1.7.10-0.12.3.04.jar
[22:18:22] [main/DEBUG] [FML/]: Examining for coremod candidacy natura-1.7.10-2.2.0.1.jar
[22:18:22] [main/DEBUG] [FML/]: Not found coremod data in natura-1.7.10-2.2.0.1.jar
[22:18:22] [main/DEBUG] [FML/]: Examining for coremod candidacy neiaddons-1.12.14.40-mc1.7.10.jar
[22:18:22] [main/DEBUG] [FML/]: Not found coremod data in neiaddons-1.12.14.40-mc1.7.10.jar
[22:18:22] [main/DEBUG] [FML/]: Examining for coremod candidacy NEIIntegration-MC1.7.10-1.1.2.jar
[22:18:22] [main/DEBUG] [FML/]: Not found coremod data in NEIIntegration-MC1.7.10-1.1.2.jar
[22:18:22] [main/DEBUG] [FML/]: Examining for coremod candidacy NetherOres-[1.7.10]2.3.1-22.jar
[22:18:22] [main/DEBUG] [FML/]: Not found coremod data in NetherOres-[1.7.10]2.3.1-22.jar
[22:18:22] [main/DEBUG] [FML/]: Examining for coremod candidacy NotEnoughItems-1.7.10-1.0.5.120-universal.jar
[22:18:22] [main/TRACE] [FML/]: Adding NotEnoughItems-1.7.10-1.0.5.120-universal.jar to the list of known coremods, it will not be examined again
[22:18:22] [main/DEBUG] [FML/]: Instantiating coremod class NEICorePlugin
[22:18:22] [main/WARN] [FML/]: The coremod codechicken.nei.asm.NEICorePlugin does not have a MCVersion annotation, it may cause issues with this version of Minecraft
[22:18:22] [main/DEBUG] [FML/]: Enqueued coremod NEICorePlugin
[22:18:22] [main/DEBUG] [FML/]: Examining for coremod candidacy NotEnoughResources-1.7.10-0.1.0-122.jar
[22:18:22] [main/DEBUG] [FML/]: Not found coremod data in NotEnoughResources-1.7.10-0.1.0-122.jar
[22:18:22] [main/DEBUG] [FML/]: Examining for coremod candidacy OpenBlocks-1.7.10-1.6.jar
[22:18:22] [main/TRACE] [FML/]: Found FMLCorePluginContainsFMLMod marker in OpenBlocks-1.7.10-1.6.jar, it will be examined later for regular @Mod instances
[22:18:22] [main/DEBUG] [FML/]: Instantiating coremod class OpenBlocksCorePlugin
[22:18:22] [main/WARN] [FML/]: The coremod openblocks.OpenBlocksCorePlugin does not have a MCVersion annotation, it may cause issues with this version of Minecraft
[22:18:22] [main/DEBUG] [FML/]: Enqueued coremod OpenBlocksCorePlugin
[22:18:22] [main/DEBUG] [FML/]: Examining for coremod candidacy OpenModsLib-1.7.10-0.10.jar
[22:18:22] [main/TRACE] [FML/]: Found FMLCorePluginContainsFMLMod marker in OpenModsLib-1.7.10-0.10.jar, it will be examined later for regular @Mod instances
[22:18:22] [main/DEBUG] [FML/]: Instantiating coremod class OpenModsCorePlugin
[22:18:22] [main/WARN] [FML/]: The coremod openmods.core.OpenModsCorePlugin does not have a MCVersion annotation, it may cause issues with this version of Minecraft
[22:18:22] [main/DEBUG] [OpenMods/]: openmods.core.OpenModsCorePlugin.<init>(OpenModsCorePlugin.java:18): <OpenModsLib 0.10>\o
[22:18:22] [main/DEBUG] [FML/]: Enqueued coremod OpenModsCorePlugin
[22:18:22] [main/DEBUG] [FML/]: Examining for coremod candidacy OpenPeripheralAddons-1.7.10-0.6.jar
[22:18:22] [main/DEBUG] [FML/]: Not found coremod data in OpenPeripheralAddons-1.7.10-0.6.jar
[22:18:22] [main/DEBUG] [FML/]: Examining for coremod candidacy OpenPeripheralCore-1.7.10-1.4.jar
[22:18:22] [main/DEBUG] [FML/]: Not found coremod data in OpenPeripheralCore-1.7.10-1.4.jar
[22:18:22] [main/DEBUG] [FML/]: Examining for coremod candidacy OpenPeripheralIntegration-1.7.10-0.6.jar
[22:18:22] [main/DEBUG] [FML/]: Not found coremod data in OpenPeripheralIntegration-1.7.10-0.6.jar
[22:18:22] [main/DEBUG] [FML/]: Examining for coremod candidacy Pam's HarvestCraft 1.7.10Lb.jar
[22:18:22] [main/DEBUG] [FML/]: Not found coremod data in Pam's HarvestCraft 1.7.10Lb.jar
[22:18:22] [main/DEBUG] [FML/]: Examining for coremod candidacy Patcher.jar
[22:18:22] [main/TRACE] [FML/]: Found FMLCorePluginContainsFMLMod marker in Patcher.jar, it will be examined later for regular @Mod instances
[22:18:22] [main/DEBUG] [FML/]: Instantiating coremod class PatcherPlugin
[22:18:22] [main/TRACE] [FML/]: coremod named Choco Patcher ASM is loading
[22:18:22] [main/DEBUG] [FML/]: The coremod chocohead.patcher.PatcherPlugin requested minecraft version 1.7.10 and minecraft is 1.7.10. It will be loaded.
[22:18:22] [main/DEBUG] [FML/]: Enqueued coremod Choco Patcher ASM
[22:18:22] [main/DEBUG] [FML/]: Examining for coremod candidacy PortalGun-4.0.0-beta-6-fix-1.jar
[22:18:22] [main/DEBUG] [FML/]: Not found coremod data in PortalGun-4.0.0-beta-6-fix-1.jar
[22:18:22] [main/DEBUG] [FML/]: Examining for coremod candidacy ProjectRed-1.7.10-4.7.0pre12.95-Base.jar
[22:18:22] [main/TRACE] [FML/]: Found FMLCorePluginContainsFMLMod marker in ProjectRed-1.7.10-4.7.0pre12.95-Base.jar, it will be examined later for regular @Mod instances
[22:18:22] [main/DEBUG] [FML/]: Instantiating coremod class DepLoader
[22:18:22] [main/WARN] [FML/]: The coremod codechicken.core.launch.DepLoader does not have a MCVersion annotation, it may cause issues with this version of Minecraft
[22:18:22] [main/DEBUG] [FML/]: Enqueued coremod DepLoader
[22:18:22] [main/DEBUG] [FML/]: Examining for coremod candidacy ProjectRed-1.7.10-4.7.0pre12.95-Compat.jar
[22:18:22] [main/DEBUG] [FML/]: Not found coremod data in ProjectRed-1.7.10-4.7.0pre12.95-Compat.jar
[22:18:22] [main/DEBUG] [FML/]: Examining for coremod candidacy ProjectRed-1.7.10-4.7.0pre12.95-Integration.jar
[22:18:22] [main/DEBUG] [FML/]: Not found coremod data in ProjectRed-1.7.10-4.7.0pre12.95-Integration.jar
[22:18:22] [main/DEBUG] [FML/]: Examining for coremod candidacy ProjectRed-1.7.10-4.7.0pre12.95-Lighting.jar
[22:18:22] [main/DEBUG] [FML/]: Not found coremod data in ProjectRed-1.7.10-4.7.0pre12.95-Lighting.jar
[22:18:22] [main/DEBUG] [FML/]: Examining for coremod candidacy ProjectRed-1.7.10-4.7.0pre12.95-Mechanical.jar
[22:18:22] [main/DEBUG] [FML/]: Not found coremod data in ProjectRed-1.7.10-4.7.0pre12.95-Mechanical.jar
[22:18:22] [main/DEBUG] [FML/]: Examining for coremod candidacy ProjectRed-1.7.10-4.7.0pre12.95-World.jar
[22:18:22] [main/DEBUG] [FML/]: Not found coremod data in ProjectRed-1.7.10-4.7.0pre12.95-World.jar
[22:18:22] [main/DEBUG] [FML/]: Examining for coremod candidacy Railcraft_1.7.10-9.12.2.0.jar
[22:18:22] [main/DEBUG] [FML/]: Not found coremod data in Railcraft_1.7.10-9.12.2.0.jar
[22:18:22] [main/DEBUG] [FML/]: Examining for coremod candidacy RedstoneArsenal-[1.7.10]1.1.2-92.jar
[22:18:22] [main/DEBUG] [FML/]: Not found coremod data in RedstoneArsenal-[1.7.10]1.1.2-92.jar
[22:18:22] [main/DEBUG] [FML/]: Examining for coremod candidacy rftools-4.23.jar
[22:18:22] [main/DEBUG] [FML/]: Not found coremod data in rftools-4.23.jar
[22:18:22] [main/DEBUG] [FML/]: Examining for coremod candidacy RunicDungeons-1.1.7b.jar
[22:18:22] [main/DEBUG] [FML/]: Not found coremod data in RunicDungeons-1.1.7b.jar
[22:18:22] [main/DEBUG] [FML/]: Examining for coremod candidacy SimplyJetpacks-MC1.7.10-1.5.3.jar
[22:18:22] [main/DEBUG] [FML/]: Not found coremod data in SimplyJetpacks-MC1.7.10-1.5.3.jar
[22:18:22] [main/DEBUG] [FML/]: Examining for coremod candidacy SolarExpansion-Basic-1.6a.jar
[22:18:22] [main/DEBUG] [FML/]: Not found coremod data in SolarExpansion-Basic-1.6a.jar
[22:18:22] [main/DEBUG] [FML/]: Examining for coremod candidacy Springboards-1.7.10-0.1.jar
[22:18:22] [main/DEBUG] [FML/]: Not found coremod data in Springboards-1.7.10-0.1.jar
[22:18:22] [main/DEBUG] [FML/]: Examining for coremod candidacy StevesAddons-1.7.10-0.10.16.jar
[22:18:22] [main/TRACE] [FML/]: Found FMLCorePluginContainsFMLMod marker in StevesAddons-1.7.10-0.10.16.jar, it will be examined later for regular @Mod instances
[22:18:22] [main/DEBUG] [FML/]: Instantiating coremod class LoadingPlugin
[22:18:22] [main/DEBUG] [FML/]: The coremod stevesaddons.asm.LoadingPlugin requested minecraft version 1.7.10 and minecraft is 1.7.10. It will be loaded.
[22:18:22] [main/DEBUG] [FML/]: Added access transformer class stevesaddons.asm.StevesAddonsTransformer to enqueued access transformers
[22:18:22] [main/DEBUG] [FML/]: Enqueued coremod LoadingPlugin
[22:18:22] [main/DEBUG] [FML/]: Examining for coremod candidacy StevesCarts2.0.0.b18.jar
[22:18:22] [main/DEBUG] [FML/]: Not found coremod data in StevesCarts2.0.0.b18.jar
[22:18:22] [main/DEBUG] [FML/]: Examining for coremod candidacy StevesFactoryManagerA93.jar
[22:18:22] [main/DEBUG] [FML/]: Not found coremod data in StevesFactoryManagerA93.jar
[22:18:22] [main/DEBUG] [FML/]: Examining for coremod candidacy StevesWorkshop-0.5.1.jar
[22:18:22] [main/DEBUG] [FML/]: Not found coremod data in StevesWorkshop-0.5.1.jar
[22:18:22] [main/DEBUG] [FML/]: Examining for coremod candidacy StorageDrawers-1.7.10-1.10.9.jar
[22:18:22] [main/DEBUG] [FML/]: Not found coremod data in StorageDrawers-1.7.10-1.10.9.jar
[22:18:22] [main/DEBUG] [FML/]: Examining for coremod candidacy StorageDrawers-BiomesOPlenty-1.7.10-1.1.1.jar
[22:18:22] [main/DEBUG] [FML/]: Not found coremod data in StorageDrawers-BiomesOPlenty-1.7.10-1.1.1.jar
[22:18:22] [main/DEBUG] [FML/]: Examining for coremod candidacy StorageDrawers-Forestry-1.7.10-1.1.2.jar
[22:18:22] [main/DEBUG] [FML/]: Not found coremod data in StorageDrawers-Forestry-1.7.10-1.1.2.jar
[22:18:22] [main/DEBUG] [FML/]: Examining for coremod candidacy StorageDrawers-Misc-1.7.10-1.1.2.jar
[22:18:22] [main/DEBUG] [FML/]: Not found coremod data in StorageDrawers-Misc-1.7.10-1.1.2.jar
[22:18:22] [main/DEBUG] [FML/]: Examining for coremod candidacy StorageDrawers-Natura-1.7.10-1.1.1.jar
[22:18:22] [main/DEBUG] [FML/]: Not found coremod data in StorageDrawers-Natura-1.7.10-1.1.1.jar
[22:18:22] [main/DEBUG] [FML/]: Examining for coremod candidacy tcinventoryscan-mc1.7.10-1.0.11.jar
[22:18:22] [main/DEBUG] [FML/]: Not found coremod data in tcinventoryscan-mc1.7.10-1.0.11.jar
[22:18:22] [main/DEBUG] [FML/]: Examining for coremod candidacy TConstruct-1.7.10-1.8.8.jar
[22:18:22] [main/DEBUG] [FML/]: Not found coremod data in TConstruct-1.7.10-1.8.8.jar
[22:18:22] [main/DEBUG] [FML/]: Examining for coremod candidacy Thaumcraft-1.7.10-4.2.3.5.jar
[22:18:22] [main/TRACE] [FML/]: Found FMLCorePluginContainsFMLMod marker in Thaumcraft-1.7.10-4.2.3.5.jar, it will be examined later for regular @Mod instances
[22:18:22] [main/DEBUG] [FML/]: Instantiating coremod class DepLoader
[22:18:22] [main/WARN] [FML/]: The coremod thaumcraft.codechicken.core.launch.DepLoader does not have a MCVersion annotation, it may cause issues with this version of Minecraft
[22:18:22] [main/DEBUG] [FML/]: Enqueued coremod DepLoader
[22:18:22] [main/DEBUG] [FML/]: Examining for coremod candidacy thaumcraftneiplugin-1.7.10-1.7a.jar
[22:18:22] [main/DEBUG] [FML/]: Not found coremod data in thaumcraftneiplugin-1.7.10-1.7a.jar
[22:18:22] [main/DEBUG] [FML/]: Examining for coremod candidacy thaumicenergistics-1.1.3.0.jar
[22:18:22] [main/TRACE] [FML/]: Found FMLCorePluginContainsFMLMod marker in thaumicenergistics-1.1.3.0.jar, it will be examined later for regular @Mod instances
[22:18:22] [main/DEBUG] [FML/]: Instantiating coremod class ThECore
[22:18:22] [main/DEBUG] [FML/]: The coremod thaumicenergistics.fml.ThECore requested minecraft version 1.7.10 and minecraft is 1.7.10. It will be loaded.
[22:18:22] [main/DEBUG] [FML/]: Enqueued coremod ThECore
[22:18:22] [main/DEBUG] [FML/]: Examining for coremod candidacy ThaumicExploration-1.7.10-1.1-53.jar
[22:18:22] [main/TRACE] [FML/]: Found FMLCorePluginContainsFMLMod marker in ThaumicExploration-1.7.10-1.1-53.jar, it will be examined later for regular @Mod instances
[22:18:22] [main/DEBUG] [FML/]: Instantiating coremod class DepLoader
[22:18:22] [main/WARN] [FML/]: The coremod codechicken.core.launch.DepLoader does not have a MCVersion annotation, it may cause issues with this version of Minecraft
[22:18:22] [main/DEBUG] [FML/]: Enqueued coremod DepLoader
[22:18:22] [main/DEBUG] [FML/]: Examining for coremod candidacy ThaumicTinkerer-2.5-1.7.10-512.jar
[22:18:22] [main/TRACE] [FML/]: Found FMLCorePluginContainsFMLMod marker in ThaumicTinkerer-2.5-1.7.10-512.jar, it will be examined later for regular @Mod instances
[22:18:22] [main/DEBUG] [FML/]: Instantiating coremod class ThaumicTLoaderContainer
[22:18:22] [main/WARN] [FML/]: The coremod thaumic.tinkerer.preloader.ThaumicTLoaderContainer does not have a MCVersion annotation, it may cause issues with this version of Minecraft
[22:18:22] [main/DEBUG] [FML/]: Added access transformer class thaumic.tinkerer.preloader.AccessTransformer to enqueued access transformers
[22:18:22] [main/DEBUG] [FML/]: Enqueued coremod ThaumicTLoaderContainer
[22:18:22] [main/DEBUG] [FML/]: Examining for coremod candidacy ThermalDynamics-[1.7.10]1.2.1-172.jar
[22:18:22] [main/DEBUG] [FML/]: Not found coremod data in ThermalDynamics-[1.7.10]1.2.1-172.jar
[22:18:22] [main/DEBUG] [FML/]: Examining for coremod candidacy ThermalExpansion-[1.7.10]4.1.5-248.jar
[22:18:22] [main/DEBUG] [FML/]: Not found coremod data in ThermalExpansion-[1.7.10]4.1.5-248.jar
[22:18:22] [main/DEBUG] [FML/]: Examining for coremod candidacy ThermalFoundation-[1.7.10]1.2.6-118.jar
[22:18:22] [main/DEBUG] [FML/]: Not found coremod data in ThermalFoundation-[1.7.10]1.2.6-118.jar
[22:18:22] [main/DEBUG] [FML/]: Examining for coremod candidacy TiCTooltips-mc1.7.10-1.2.5.jar
[22:18:22] [main/DEBUG] [FML/]: Not found coremod data in TiCTooltips-mc1.7.10-1.2.5.jar
[22:18:22] [main/DEBUG] [FML/]: Examining for coremod candidacy TMechworks-1.7.10-0.2.15.106.jar
[22:18:22] [main/DEBUG] [FML/]: Not found coremod data in TMechworks-1.7.10-0.2.15.106.jar
[22:18:22] [main/DEBUG] [FML/]: Examining for coremod candidacy Translocator-1.7.10-1.1.2.16-universal.jar
[22:18:22] [main/DEBUG] [FML/]: Not found coremod data in Translocator-1.7.10-1.1.2.16-universal.jar
[22:18:22] [main/DEBUG] [FML/]: Examining for coremod candidacy twilightforest-1.7.10-2.3.7.jar
[22:18:22] [main/DEBUG] [FML/]: Not found coremod data in twilightforest-1.7.10-2.3.7.jar
[22:18:22] [main/DEBUG] [FML/]: Examining for coremod candidacy Waila-1.5.10_1.7.10.jar
[22:18:22] [main/DEBUG] [FML/]: Not found coremod data in Waila-1.5.10_1.7.10.jar
[22:18:22] [main/DEBUG] [FML/]: Examining for coremod candidacy WailaHarvestability-mc1.7.10-1.1.6.jar
[22:18:22] [main/DEBUG] [FML/]: Not found coremod data in WailaHarvestability-mc1.7.10-1.1.6.jar
[22:18:22] [main/DEBUG] [FML/]: Examining for coremod candidacy Wawla-1.0.5.120.jar
[22:18:22] [main/DEBUG] [FML/]: Not found coremod data in Wawla-1.0.5.120.jar
[22:18:22] [main/DEBUG] [FML/]: Examining for coremod candidacy witchery-1.7.10-0.24.1.jar
[22:18:22] [main/DEBUG] [FML/]: Not found coremod data in witchery-1.7.10-0.24.1.jar
[22:18:22] [main/DEBUG] [FML/]: Examining for coremod candidacy WR-CBE-1.7.10-1.4.1.9-universal.jar
[22:18:22] [main/TRACE] [FML/]: Found FMLCorePluginContainsFMLMod marker in WR-CBE-1.7.10-1.4.1.9-universal.jar, it will be examined later for regular @Mod instances
[22:18:22] [main/DEBUG] [FML/]: Instantiating coremod class DepLoader
[22:18:22] [main/WARN] [FML/]: The coremod codechicken.core.launch.DepLoader does not have a MCVersion annotation, it may cause issues with this version of Minecraft
[22:18:22] [main/DEBUG] [FML/]: Enqueued coremod DepLoader
[22:18:22] [main/INFO] [LaunchWrapper/]: Loading tweak class name cpw.mods.fml.common.launcher.FMLInjectionAndSortingTweaker
[22:18:22] [main/INFO] [LaunchWrapper/]: Loading tweak class name fastcraft.Tweaker
[22:18:22] [main/INFO] [LaunchWrapper/]: Loading tweak class name forestry.shade.javacheck.Java7Checker
[22:18:22] [main/INFO] [LaunchWrapper/]: Loading tweak class name cpw.mods.fml.common.launcher.FMLDeobfTweaker
[22:18:22] [main/INFO] [LaunchWrapper/]: Calling tweak class cpw.mods.fml.common.launcher.FMLInjectionAndSortingTweaker
[22:18:22] [main/INFO] [LaunchWrapper/]: Calling tweak class cpw.mods.fml.common.launcher.FMLInjectionAndSortingTweaker
[22:18:22] [main/INFO] [LaunchWrapper/]: Calling tweak class cpw.mods.fml.relauncher.CoreModManager$FMLPluginWrapper
[22:18:22] [main/DEBUG] [FML/]: Injecting coremod FMLCorePlugin {cpw.mods.fml.relauncher.FMLCorePlugin} class transformers
[22:18:22] [main/TRACE] [FML/]: Registering transformer cpw.mods.fml.common.asm.transformers.MarkerTransformer
[22:18:22] [main/TRACE] [FML/]: Registering transformer cpw.mods.fml.common.asm.transformers.SideTransformer
[22:18:22] [main/TRACE] [FML/]: Registering transformer cpw.mods.fml.common.asm.transformers.EventSubscriptionTransformer
[22:18:22] [main/DEBUG] [FML/]: Injection complete
[22:18:22] [main/DEBUG] [FML/]: Running coremod plugin for FMLCorePlugin {cpw.mods.fml.relauncher.FMLCorePlugin}
[22:18:22] [main/DEBUG] [FML/]: Running coremod plugin FMLCorePlugin
[22:18:24] [main/DEBUG] [FML/]: Read 527 binary patches
[22:18:24] [main/INFO] [FML/]: Found valid fingerprint for Minecraft Forge. Certificate fingerprint e3c3d50c7c986df74c645c0ac54639741c90a557
[22:18:24] [main/DEBUG] [FML/]: Coremod plugin class FMLCorePlugin run successfully
[22:18:24] [main/INFO] [LaunchWrapper/]: Calling tweak class cpw.mods.fml.relauncher.CoreModManager$FMLPluginWrapper
[22:18:24] [main/DEBUG] [FML/]: Injecting coremod FMLForgePlugin {net.minecraftforge.classloading.FMLForgePlugin} class transformers
[22:18:24] [main/TRACE] [FML/]: Registering transformer net.minecraftforge.classloading.FluidIdTransformer
[22:18:24] [main/DEBUG] [FML/]: Injection complete
[22:18:24] [main/DEBUG] [FML/]: Running coremod plugin for FMLForgePlugin {net.minecraftforge.classloading.FMLForgePlugin}
[22:18:24] [main/DEBUG] [FML/]: Running coremod plugin FMLForgePlugin
[22:18:24] [main/DEBUG] [FML/]: Coremod plugin class FMLForgePlugin run successfully
[22:18:24] [main/INFO] [LaunchWrapper/]: Calling tweak class cpw.mods.fml.relauncher.CoreModManager$FMLPluginWrapper
[22:18:24] [main/DEBUG] [FML/]: Injecting coremod CCCDeobfPlugin {codechicken.core.asm.MCPDeobfuscationTransformer$LoadPlugin} class transformers
[22:18:24] [main/DEBUG] [FML/]: Injection complete
[22:18:24] [main/DEBUG] [FML/]: Running coremod plugin for CCCDeobfPlugin {codechicken.core.asm.MCPDeobfuscationTransformer$LoadPlugin}
[22:18:24] [main/DEBUG] [FML/]: Running coremod plugin CCCDeobfPlugin
[22:18:24] [main/DEBUG] [FML/]: Coremod plugin class LoadPlugin run successfully
[22:18:24] [main/INFO] [LaunchWrapper/]: Calling tweak class cpw.mods.fml.relauncher.CoreModManager$FMLPluginWrapper
[22:18:24] [main/DEBUG] [FML/]: Injecting coremod AppEngCore {appeng.transformer.AppEngCore} class transformers
[22:18:24] [main/TRACE] [FML/]: Registering transformer appeng.transformer.asm.ASMIntegration
[22:18:24] [main/DEBUG] [FML/]: Injection complete
[22:18:24] [main/DEBUG] [FML/]: Running coremod plugin for AppEngCore {appeng.transformer.AppEngCore}
[22:18:24] [main/DEBUG] [FML/]: Running coremod plugin AppEngCore
[22:18:24] [main/DEBUG] [FML/]: Coremod plugin class AppEngCore run successfully
[22:18:24] [main/INFO] [LaunchWrapper/]: Calling tweak class cpw.mods.fml.relauncher.CoreModManager$FMLPluginWrapper
[22:18:24] [main/DEBUG] [FML/]: Injecting coremod CoreMod {aroma1997.core.coremod.CoreMod} class transformers
[22:18:24] [main/DEBUG] [FML/]: Injection complete
[22:18:24] [main/DEBUG] [FML/]: Running coremod plugin for CoreMod {aroma1997.core.coremod.CoreMod}
[22:18:24] [main/DEBUG] [FML/]: Running coremod plugin CoreMod
[22:18:24] [main/INFO] [Aroma1997Core/]: Finished data injection.
[22:18:24] [main/INFO] [Aroma1997Core/]: Finished data injection.
[22:18:24] [main/TRACE] [Aroma1997Core/]: Initializing Configurations from: .\config
[22:18:24] [main/DEBUG] [FML/]: Coremod plugin class CoreMod run successfully
[22:18:24] [main/INFO] [LaunchWrapper/]: Calling tweak class cpw.mods.fml.relauncher.CoreModManager$FMLPluginWrapper
[22:18:24] [main/DEBUG] [FML/]: Injecting coremod CodeChickenCorePlugin {codechicken.core.launch.CodeChickenCorePlugin} class transformers
[22:18:24] [main/TRACE] [FML/]: Registering transformer codechicken.lib.asm.ClassHeirachyManager
[22:18:24] [main/TRACE] [FML/]: Registering transformer codechicken.core.asm.InterfaceDependancyTransformer
[22:18:24] [main/TRACE] [FML/]: Registering transformer codechicken.core.asm.TweakTransformer
[22:18:24] [main/TRACE] [FML/]: Registering transformer codechicken.core.asm.DelegatedTransformer
[22:18:24] [main/TRACE] [FML/]: Registering transformer codechicken.core.asm.DefaultImplementationTransformer
[22:18:24] [main/DEBUG] [FML/]: Injection complete
[22:18:24] [main/DEBUG] [FML/]: Running coremod plugin for CodeChickenCorePlugin {codechicken.core.launch.CodeChickenCorePlugin}
[22:18:24] [main/DEBUG] [FML/]: Running coremod plugin CodeChickenCorePlugin
[22:18:25] [main/DEBUG] [FML/]: Coremod plugin class CodeChickenCorePlugin run successfully
[22:18:25] [main/INFO] [LaunchWrapper/]: Calling tweak class cpw.mods.fml.relauncher.CoreModManager$FMLPluginWrapper
[22:18:25] [main/DEBUG] [FML/]: Injecting coremod DepLoader {codechicken.core.launch.DepLoader} class transformers
[22:18:25] [main/DEBUG] [FML/]: Injection complete
[22:18:25] [main/DEBUG] [FML/]: Running coremod plugin for DepLoader {codechicken.core.launch.DepLoader}
[22:18:25] [main/DEBUG] [FML/]: Running coremod plugin DepLoader
[22:18:25] [main/DEBUG] [FML/]: Coremod plugin class DepLoader run successfully
[22:18:25] [main/INFO] [LaunchWrapper/]: Calling tweak class cpw.mods.fml.relauncher.CoreModManager$FMLPluginWrapper
[22:18:25] [main/DEBUG] [FML/]: Injecting coremod RelocationPlugin {mrtjp.relocation.asm.RelocationPlugin} class transformers
[22:18:25] [main/TRACE] [FML/]: Registering transformer mrtjp.relocation.asm.Transformer
[22:18:25] [main/DEBUG] [FML/]: Injection complete
[22:18:25] [main/DEBUG] [FML/]: Running coremod plugin for RelocationPlugin {mrtjp.relocation.asm.RelocationPlugin}
[22:18:25] [main/DEBUG] [FML/]: Running coremod plugin RelocationPlugin
[22:18:25] [main/DEBUG] [FML/]: Coremod plugin class RelocationPlugin run successfully
[22:18:25] [main/INFO] [LaunchWrapper/]: Calling tweak class cpw.mods.fml.relauncher.CoreModManager$FMLPluginWrapper
[22:18:25] [main/DEBUG] [FML/]: Injecting coremod IC2core {ic2.core.coremod.IC2core} class transformers
[22:18:25] [main/DEBUG] [FML/]: Injection complete
[22:18:25] [main/DEBUG] [FML/]: Running coremod plugin for IC2core {ic2.core.coremod.IC2core}
[22:18:25] [main/DEBUG] [FML/]: Running coremod plugin IC2core
[22:18:25] [main/INFO] [IC2-core/]: Loaded library EJML-core-0.26.jar.
[22:18:25] [main/DEBUG] [FML/]: Coremod plugin class IC2core run successfully
[22:18:25] [main/INFO] [LaunchWrapper/]: Calling tweak class cpw.mods.fml.relauncher.CoreModManager$FMLPluginWrapper
[22:18:25] [main/DEBUG] [FML/]: Injecting coremod INpurePreLoader {info.inpureprojects.core.Preloader.INpurePreLoader} class transformers
[22:18:25] [main/DEBUG] [FML/]: Injection complete
[22:18:25] [main/DEBUG] [FML/]: Running coremod plugin for INpurePreLoader {info.inpureprojects.core.Preloader.INpurePreLoader}
[22:18:25] [main/DEBUG] [FML/]: Running coremod plugin INpurePreLoader
[22:18:25] [main/INFO] [INpurePreloader/]: Attempting to detect JVM version...
[22:18:25] [main/INFO] [INpurePreloader/]: Detected JVM: 1.8
[22:18:25] [main/INFO] [INpurePreloader/]: Starting library configuration...
[22:18:25] [main/INFO] [INpureLogInterceptor/]: System attached to FML. Now intercepting all logging calls.
[22:18:25] [main/DEBUG] [FML/]: Coremod plugin class INpurePreLoader run successfully
[22:18:25] [main/INFO] [LaunchWrapper/]: Calling tweak class cpw.mods.fml.relauncher.CoreModManager$FMLPluginWrapper
[22:18:25] [main/DEBUG] [FML/]: Injecting coremod FMLPlugin {invtweaks.forge.asm.FMLPlugin} class transformers
[22:18:25] [main/TRACE] [FML/]: Registering transformer invtweaks.forge.asm.ContainerTransformer
[22:18:25] [main/DEBUG] [FML/]: Injection complete
[22:18:25] [main/DEBUG] [FML/]: Running coremod plugin for FMLPlugin {invtweaks.forge.asm.FMLPlugin}
[22:18:25] [main/DEBUG] [FML/]: Running coremod plugin FMLPlugin
[22:18:25] [main/DEBUG] [FML/]: Coremod plugin class FMLPlugin run successfully
[22:18:25] [main/INFO] [LaunchWrapper/]: Calling tweak class cpw.mods.fml.relauncher.CoreModManager$FMLPluginWrapper
[22:18:25] [main/DEBUG] [FML/]: Injecting coremod LogisticsPipesCoreLoader {logisticspipes.asm.LogisticsPipesCoreLoader} class transformers
[22:18:25] [main/TRACE] [FML/]: Registering transformer logisticspipes.asm.LogisticsClassTransformer
[22:18:25] [main/DEBUG] [FML/]: Injection complete
[22:18:25] [main/DEBUG] [FML/]: Running coremod plugin for LogisticsPipesCoreLoader {logisticspipes.asm.LogisticsPipesCoreLoader}
[22:18:25] [main/DEBUG] [FML/]: Running coremod plugin LogisticsPipesCoreLoader
[22:18:25] [main/DEBUG] [FML/]: Coremod plugin class LogisticsPipesCoreLoader run successfully
[22:18:25] [main/INFO] [LaunchWrapper/]: Calling tweak class cpw.mods.fml.relauncher.CoreModManager$FMLPluginWrapper
[22:18:25] [main/DEBUG] [FML/]: Injecting coremod CorePlugin {mrtjp.core.handler.CorePlugin} class transformers
[22:18:25] [main/DEBUG] [FML/]: Injection complete
[22:18:25] [main/DEBUG] [FML/]: Running coremod plugin for CorePlugin {mrtjp.core.handler.CorePlugin}
[22:18:25] [main/DEBUG] [FML/]: Running coremod plugin CorePlugin
[22:18:25] [main/DEBUG] [FML/]: Coremod plugin class CorePlugin run successfully
[22:18:25] [main/INFO] [LaunchWrapper/]: Calling tweak class cpw.mods.fml.relauncher.CoreModManager$FMLPluginWrapper
[22:18:25] [main/DEBUG] [FML/]: Injecting coremod NEICorePlugin {codechicken.nei.asm.NEICorePlugin} class transformers
[22:18:25] [main/TRACE] [FML/]: Registering transformer codechicken.nei.asm.NEITransformer
[22:18:25] [main/DEBUG] [FML/]: Injection complete
[22:18:25] [main/DEBUG] [FML/]: Running coremod plugin for NEICorePlugin {codechicken.nei.asm.NEICorePlugin}
[22:18:25] [main/DEBUG] [FML/]: Running coremod plugin NEICorePlugin
[22:18:25] [main/DEBUG] [FML/]: Coremod plugin class NEICorePlugin run successfully
[22:18:25] [main/INFO] [LaunchWrapper/]: Calling tweak class cpw.mods.fml.relauncher.CoreModManager$FMLPluginWrapper
[22:18:25] [main/DEBUG] [FML/]: Injecting coremod DepLoader {codechicken.core.launch.DepLoader} class transformers
[22:18:25] [main/DEBUG] [FML/]: Injection complete
[22:18:25] [main/DEBUG] [FML/]: Running coremod plugin for DepLoader {codechicken.core.launch.DepLoader}
[22:18:25] [main/DEBUG] [FML/]: Running coremod plugin DepLoader
[22:18:25] [main/DEBUG] [FML/]: Coremod plugin class DepLoader run successfully
[22:18:25] [main/INFO] [LaunchWrapper/]: Calling tweak class cpw.mods.fml.relauncher.CoreModManager$FMLPluginWrapper
[22:18:25] [main/DEBUG] [FML/]: Injecting coremod LoadingPlugin {stevesaddons.asm.LoadingPlugin} class transformers
[22:18:25] [main/TRACE] [FML/]: Registering transformer stevesaddons.asm.StevesAddonsTransformer
[22:18:25] [main/DEBUG] [FML/]: Injection complete
[22:18:25] [main/DEBUG] [FML/]: Running coremod plugin for LoadingPlugin {stevesaddons.asm.LoadingPlugin}
[22:18:25] [main/DEBUG] [FML/]: Running coremod plugin LoadingPlugin
[22:18:25] [main/DEBUG] [FML/]: Coremod plugin class LoadingPlugin run successfully
[22:18:25] [main/INFO] [LaunchWrapper/]: Calling tweak class cpw.mods.fml.relauncher.CoreModManager$FMLPluginWrapper
[22:18:25] [main/DEBUG] [FML/]: Injecting coremod DepLoader {thaumcraft.codechicken.core.launch.DepLoader} class transformers
[22:18:25] [main/DEBUG] [FML/]: Injection complete
[22:18:25] [main/DEBUG] [FML/]: Running coremod plugin for DepLoader {thaumcraft.codechicken.core.launch.DepLoader}
[22:18:25] [main/DEBUG] [FML/]: Running coremod plugin DepLoader
[22:18:25] [main/DEBUG] [FML/]: Coremod plugin class DepLoader run successfully
[22:18:25] [main/INFO] [LaunchWrapper/]: Calling tweak class cpw.mods.fml.relauncher.CoreModManager$FMLPluginWrapper
[22:18:25] [main/DEBUG] [FML/]: Injecting coremod ThECore {thaumicenergistics.fml.ThECore} class transformers
[22:18:25] [main/TRACE] [FML/]: Registering transformer thaumicenergistics.fml.ASMTransformer
[22:18:25] [main/DEBUG] [FML/]: Injection complete
[22:18:25] [main/DEBUG] [FML/]: Running coremod plugin for ThECore {thaumicenergistics.fml.ThECore}
[22:18:25] [main/DEBUG] [FML/]: Running coremod plugin ThECore
[22:18:25] [main/DEBUG] [FML/]: Coremod plugin class ThECore run successfully
[22:18:25] [main/INFO] [LaunchWrapper/]: Calling tweak class cpw.mods.fml.relauncher.CoreModManager$FMLPluginWrapper
[22:18:25] [main/DEBUG] [FML/]: Injecting coremod DepLoader {codechicken.core.launch.DepLoader} class transformers
[22:18:25] [main/DEBUG] [FML/]: Injection complete
[22:18:25] [main/DEBUG] [FML/]: Running coremod plugin for DepLoader {codechicken.core.launch.DepLoader}
[22:18:25] [main/DEBUG] [FML/]: Running coremod plugin DepLoader
[22:18:25] [main/DEBUG] [FML/]: Coremod plugin class DepLoader run successfully
[22:18:25] [main/INFO] [LaunchWrapper/]: Calling tweak class cpw.mods.fml.relauncher.CoreModManager$FMLPluginWrapper
[22:18:25] [main/DEBUG] [FML/]: Injecting coremod ThaumicTLoaderContainer {thaumic.tinkerer.preloader.ThaumicTLoaderContainer} class transformers
[22:18:25] [main/TRACE] [FML/]: Registering transformer thaumic.tinkerer.preloader.AccessTransformer
[22:18:25] [main/DEBUG] [FML/]: Loaded 13 rules from AccessTransformer config file ThaumicTinkerer_at.cfg
[22:18:25] [main/DEBUG] [FML/]: Injection complete
[22:18:25] [main/DEBUG] [FML/]: Running coremod plugin for ThaumicTLoaderContainer {thaumic.tinkerer.preloader.ThaumicTLoaderContainer}
[22:18:25] [main/DEBUG] [FML/]: Running coremod plugin ThaumicTLoaderContainer
[22:18:25] [main/DEBUG] [FML/]: Coremod plugin class ThaumicTLoaderContainer run successfully
[22:18:25] [main/INFO] [LaunchWrapper/]: Calling tweak class cpw.mods.fml.relauncher.CoreModManager$FMLPluginWrapper
[22:18:25] [main/DEBUG] [FML/]: Injecting coremod DepLoader {codechicken.core.launch.DepLoader} class transformers
[22:18:25] [main/DEBUG] [FML/]: Injection complete
[22:18:25] [main/DEBUG] [FML/]: Running coremod plugin for DepLoader {codechicken.core.launch.DepLoader}
[22:18:25] [main/DEBUG] [FML/]: Running coremod plugin DepLoader
[22:18:25] [main/DEBUG] [FML/]: Coremod plugin class DepLoader run successfully
[22:18:25] [main/INFO] [LaunchWrapper/]: Calling tweak class forestry.shade.javacheck.Java7Checker
[22:18:26] [main/INFO] [LaunchWrapper/]: Calling tweak class cpw.mods.fml.relauncher.CoreModManager$FMLPluginWrapper
[22:18:26] [main/DEBUG] [FML/]: Injecting coremod Choco Patcher ASM {chocohead.patcher.PatcherPlugin} class transformers
[22:18:26] [main/TRACE] [FML/]: Registering transformer chocohead.patcher.PatcherPlugin
[22:18:26] [main/DEBUG] [FML/]: Injection complete
[22:18:26] [main/DEBUG] [FML/]: Running coremod plugin for Choco Patcher ASM {chocohead.patcher.PatcherPlugin}
[22:18:26] [main/DEBUG] [FML/]: Running coremod plugin Choco Patcher ASM
[22:18:26] [main/DEBUG] [FML/]: Coremod plugin class PatcherPlugin run successfully
[22:18:26] [main/INFO] [LaunchWrapper/]: Calling tweak class cpw.mods.fml.relauncher.CoreModManager$FMLPluginWrapper
[22:18:26] [main/DEBUG] [FML/]: Injecting coremod OpenModsCorePlugin {openmods.core.OpenModsCorePlugin} class transformers
[22:18:26] [main/TRACE] [FML/]: Registering transformer openmods.core.OpenModsClassTransformer
[22:18:26] [main/DEBUG] [FML/]: Injection complete
[22:18:26] [main/DEBUG] [FML/]: Running coremod plugin for OpenModsCorePlugin {openmods.core.OpenModsCorePlugin}
[22:18:26] [main/DEBUG] [FML/]: Running coremod plugin OpenModsCorePlugin
[22:18:26] [main/DEBUG] [OpenMods/]: openmods.config.simple.ConfigProcessor.process(ConfigProcessor.java:83): Parsing config file '.\config\OpenModsLibCore.json'
[22:18:26] [main/TRACE] [OpenMods/]: openmods.utils.StateTracker$StateUpdater.update(StateTracker.java:26): State of gl_capabilities_hook updated from DISABLED to ENABLED
[22:18:26] [main/TRACE] [OpenMods/]: openmods.utils.StateTracker$StateUpdater.update(StateTracker.java:26): State of player_render_hook updated from DISABLED to ENABLED
[22:18:26] [main/TRACE] [OpenMods/]: openmods.utils.StateTracker$StateUpdater.update(StateTracker.java:26): State of map_gen_fix updated from DISABLED to ENABLED
[22:18:26] [main/TRACE] [OpenMods/]: openmods.utils.StateTracker$StateUpdater.update(StateTracker.java:26): State of player_damage_hook updated from DISABLED to ENABLED
[22:18:26] [main/TRACE] [OpenMods/]: openmods.utils.StateTracker$StateUpdater.update(StateTracker.java:26): State of movement_callback updated from DISABLED to ENABLED
[22:18:26] [main/TRACE] [OpenMods/]: openmods.utils.StateTracker$StateUpdater.update(StateTracker.java:26): State of stencil_patches updated from DISABLED to ENABLED
[22:18:26] [main/DEBUG] [FML/]: Coremod plugin class OpenModsCorePlugin run successfully
[22:18:26] [main/INFO] [LaunchWrapper/]: Calling tweak class cpw.mods.fml.relauncher.CoreModManager$FMLPluginWrapper
[22:18:26] [main/DEBUG] [FML/]: Injecting coremod OpenBlocksCorePlugin {openblocks.OpenBlocksCorePlugin} class transformers
[22:18:26] [main/TRACE] [FML/]: Registering transformer openblocks.asm.OpenBlocksClassTransformer
[22:18:26] [main/DEBUG] [FML/]: Injection complete
[22:18:26] [main/DEBUG] [FML/]: Running coremod plugin for OpenBlocksCorePlugin {openblocks.OpenBlocksCorePlugin}
[22:18:26] [main/DEBUG] [FML/]: Running coremod plugin OpenBlocksCorePlugin
[22:18:26] [main/DEBUG] [FML/]: Coremod plugin class OpenBlocksCorePlugin run successfully
[22:18:26] [main/INFO] [LaunchWrapper/]: Calling tweak class cpw.mods.fml.common.launcher.FMLDeobfTweaker
[22:18:26] [main/DEBUG] [FML/]: Loaded 57 rules from AccessTransformer config file fml_at.cfg
[22:18:26] [main/DEBUG] [FML/]: Loaded 89 rules from AccessTransformer config file forge_at.cfg
[22:18:26] [main/DEBUG] [FML/]: Loaded 6 rules from AccessTransformer config file aroma1997core_at.cfg
[22:18:26] [main/DEBUG] [FML/]: Loaded 57 rules from AccessTransformer config file fml_at.cfg
[22:18:26] [main/DEBUG] [FML/]: Loaded 9 rules from AccessTransformer config file invtweaks_at.cfg
[22:18:26] [main/DEBUG] [FML/]: Loaded 36 rules from AccessTransformer config file logisticspipes_at.cfg
[22:18:26] [main/DEBUG] [FML/]: Loaded 13 rules from AccessTransformer config file ThaumicTinkerer_at.cfg
[22:18:26] [main/DEBUG] [FML/]: Loaded 60 rules from AccessTransformer mod jar file F:\01Minecraft\CCIT-Minecraft-Server\FTB_Infinity_1.7.10\mods\iChunUtil-4.2.3.jar!META-INF/iChunUtil_at.cfg

[22:18:26] [main/DEBUG] [FML/]: Loaded 6 rules from AccessTransformer mod jar file F:\01Minecraft\CCIT-Minecraft-Server\FTB_Infinity_1.7.10\mods\witchery-1.7.10-0.24.1.jar!META-INF/witchery_at.cfg

[22:18:26] [main/DEBUG] [FML/]: Loaded 8 rules from AccessTransformer mod jar file F:\01Minecraft\CCIT-Minecraft-Server\FTB_Infinity_1.7.10\mods\ImmersiveEngineering-0.7.7.jar!META-INF/ImmersiveEngineering_at.cfg

[22:18:26] [main/DEBUG] [FML/]: Loaded 2 rules from AccessTransformer mod jar file F:\01Minecraft\CCIT-Minecraft-Server\FTB_Infinity_1.7.10\mods\WR-CBE-1.7.10-1.4.1.9-universal.jar!META-INF/wrcbe_at.cfg

[22:18:26] [main/DEBUG] [FML/]: Loaded 14 rules from AccessTransformer mod jar file F:\01Minecraft\CCIT-Minecraft-Server\FTB_Infinity_1.7.10\mods\funky-locomotion-1.7.10-beta-7.jar!META-INF/funkylocomotion_at.cfg

[22:18:26] [main/DEBUG] [FML/]: Loaded 1 rules from AccessTransformer mod jar file F:\01Minecraft\CCIT-Minecraft-Server\FTB_Infinity_1.7.10\mods\Decocraft-2.4.2_1.7.10.jar!META-INF/decocraft_at.cfg

[22:18:26] [main/DEBUG] [FML/]: Loaded 11 rules from AccessTransformer mod jar file F:\01Minecraft\CCIT-Minecraft-Server\FTB_Infinity_1.7.10\mods\NotEnoughItems-1.7.10-1.0.5.120-universal.jar!META-INF/nei_at.cfg

[22:18:26] [main/DEBUG] [FML/]: Loaded 4 rules from AccessTransformer mod jar file F:\01Minecraft\CCIT-Minecraft-Server\FTB_Infinity_1.7.10\mods\Chisel-2.9.5.11.jar!META-INF/chisel_compile_at.cfg

[22:18:26] [main/DEBUG] [FML/]: Loaded 6 rules from AccessTransformer mod jar file F:\01Minecraft\CCIT-Minecraft-Server\FTB_Infinity_1.7.10\mods\tcinventoryscan-mc1.7.10-1.0.11.jar!META-INF/tcinventoryscan_at.cfg

[22:18:26] [main/DEBUG] [FML/]: Loaded 31 rules from AccessTransformer mod jar file F:\01Minecraft\CCIT-Minecraft-Server\FTB_Infinity_1.7.10\mods\TConstruct-1.7.10-1.8.8.jar!META-INF/TConstruct_at.cfg

[22:18:26] [main/DEBUG] [FML/]: Loaded 1 rules from AccessTransformer mod jar file F:\01Minecraft\CCIT-Minecraft-Server\FTB_Infinity_1.7.10\mods\INpureCore-[1.7.10]1.0.0B9-62.jar!META-INF/inpure_at.cfg

[22:18:26] [main/DEBUG] [FML/]: Loaded 5 rules from AccessTransformer mod jar file F:\01Minecraft\CCIT-Minecraft-Server\FTB_Infinity_1.7.10\mods\SimplyJetpacks-MC1.7.10-1.5.3.jar!META-INF/simplyjetpacks_at.cfg

[22:18:26] [main/DEBUG] [FML/]: Loaded 6 rules from AccessTransformer mod jar file F:\01Minecraft\CCIT-Minecraft-Server\FTB_Infinity_1.7.10\mods\ThermalDynamics-[1.7.10]1.2.1-172.jar!META-INF/tdynamics_at.cfg

[22:18:26] [main/DEBUG] [FML/]: Validating minecraft
[22:18:26] [main/DEBUG] [FML/]: Minecraft validated, launching...
[22:18:26] [main/INFO] [LaunchWrapper/]: Calling tweak class cpw.mods.fml.relauncher.CoreModManager$FMLPluginWrapper
[22:18:26] [main/DEBUG] [FML/]: Injecting coremod Brandon's Core {com.brandon3055.brandonscore.asm.LoadingPlugin} class transformers
[22:18:26] [main/TRACE] [FML/]: Registering transformer com.brandon3055.brandonscore.asm.ClassTransformer
[22:18:26] [main/DEBUG] [FML/]: Injection complete
[22:18:26] [main/DEBUG] [FML/]: Running coremod plugin for Brandon's Core {com.brandon3055.brandonscore.asm.LoadingPlugin}
[22:18:26] [main/DEBUG] [FML/]: Running coremod plugin Brandon's Core
[22:18:26] [main/DEBUG] [FML/]: Coremod plugin class LoadingPlugin run successfully
[22:18:26] [main/INFO] [LaunchWrapper/]: Calling tweak class cpw.mods.fml.relauncher.CoreModManager$FMLPluginWrapper
[22:18:26] [main/DEBUG] [FML/]: Injecting coremod LoadingPlugin {cofh.asm.LoadingPlugin} class transformers
[22:18:26] [main/TRACE] [FML/]: Registering transformer cofh.asm.CoFHClassTransformer
[22:18:26] [main/DEBUG] [FML/]: Injection complete
[22:18:26] [main/DEBUG] [FML/]: Running coremod plugin for LoadingPlugin {cofh.asm.LoadingPlugin}
[22:18:26] [main/DEBUG] [FML/]: Running coremod plugin LoadingPlugin
[22:18:26] [main/DEBUG] [CoFHASM/]: Adding CoFHAT: CoFHLib_at.cfg from: CoFHLib-[1.7.10]1.2.1-185.jar
[22:18:26] [main/DEBUG] [CoFHASM/]: Adding CoFHAT: MFR_at.cfg from: MineFactoryReloaded-[1.7.10]2.8.1-174.jar
[22:18:26] [main/DEBUG] [FML/]: Coremod plugin class LoadingPlugin run successfully
[22:18:26] [main/INFO] [LaunchWrapper/]: Calling tweak class cpw.mods.fml.relauncher.CoreModManager$FMLPluginWrapper
[22:18:26] [main/DEBUG] [FML/]: Injecting coremod FldLoadingPlugin {com.olafski.fastleafdecay.FldLoadingPlugin} class transformers
[22:18:26] [main/TRACE] [FML/]: Registering transformer com.olafski.fastleafdecay.FldTransformer
[22:18:26] [main/DEBUG] [FML/]: Injection complete
[22:18:26] [main/DEBUG] [FML/]: Running coremod plugin for FldLoadingPlugin {com.olafski.fastleafdecay.FldLoadingPlugin}
[22:18:26] [main/DEBUG] [FML/]: Running coremod plugin FldLoadingPlugin
[22:18:26] [main/DEBUG] [FML/]: Coremod plugin class FldLoadingPlugin run successfully
[22:18:26] [main/INFO] [LaunchWrapper/]: Calling tweak class cpw.mods.fml.relauncher.CoreModManager$FMLPluginWrapper
[22:18:26] [main/DEBUG] [FML/]: Injecting coremod Binnie Patcher ASM {chocohead.patcher.BinniePatcher} class transformers
[22:18:26] [main/TRACE] [FML/]: Registering transformer chocohead.patcher.BinniePatcher
[22:18:26] [main/DEBUG] [FML/]: Injection complete
[22:18:26] [main/DEBUG] [FML/]: Running coremod plugin for Binnie Patcher ASM {chocohead.patcher.BinniePatcher}
[22:18:26] [main/DEBUG] [FML/]: Running coremod plugin Binnie Patcher ASM
[22:18:26] [main/DEBUG] [FML/]: Coremod plugin class BinniePatcher run successfully
[22:18:26] [main/INFO] [LaunchWrapper/]: Calling tweak class cpw.mods.fml.relauncher.CoreModManager$FMLPluginWrapper
[22:18:26] [main/DEBUG] [FML/]: Injecting coremod EnderCorePlugin {com.enderio.core.common.transform.EnderCorePlugin} class transformers
[22:18:26] [main/TRACE] [FML/]: Registering transformer com.enderio.core.common.transform.EnderCoreTransformer
[22:18:26] [main/TRACE] [FML/]: Registering transformer com.enderio.core.common.transform.EnderCoreTransformerClient
[22:18:26] [main/DEBUG] [FML/]: Injection complete
[22:18:26] [main/DEBUG] [FML/]: Running coremod plugin for EnderCorePlugin {com.enderio.core.common.transform.EnderCorePlugin}
[22:18:26] [main/DEBUG] [FML/]: Running coremod plugin EnderCorePlugin
[22:18:26] [main/DEBUG] [FML/]: Coremod plugin class EnderCorePlugin run successfully
[22:18:26] [main/INFO] [LaunchWrapper/]: Calling tweak class fastcraft.Tweaker
[22:18:27] [main/DEBUG] [FastCraft/]: Mod detection results: {AsRuins=false, Bukkit=false, ColoredLights=false, OptiFine=false, ShadersMod=false, DynamicLights=false, NotEnoughIds=false}
[22:18:27] [main/INFO] [FastCraft/]: FastCraft loaded.
[22:18:27] [main/INFO] [LaunchWrapper/]: Loading tweak class name cpw.mods.fml.common.launcher.TerminalTweaker
[22:18:27] [main/INFO] [LaunchWrapper/]: Calling tweak class cpw.mods.fml.common.launcher.TerminalTweaker
[22:18:27] [main/DEBUG] [FastCraft/]: 1 / 21 applied
[22:18:27] [main/TRACE] [FastCraft/]: 63f669b5 2fef7b47 6a792565 1463c0bd 9bae9211 c8279ba2 46e1af46 c1b32f3c 1ec4aa5e 7952d9ec 0dbb15ab 2c267258 77ccc8dd 937f2c9e 84274be4 ce4e7906 6518b690 e5fd58fe c8fae051 deca7f5d
[22:18:27] [main/DEBUG] [FastCraft/]: 2 / 21 applied
[22:18:27] [main/TRACE] [FastCraft/]: 63f669b5 2fef7b47 6a792565 1463c0bd 9bae9211 c8279ba2 46e1af46 c1b32f3c 1ec4aa5e 7952d9ec 2c267258 77ccc8dd 937f2c9e 84274be4 ce4e7906 6518b690 e5fd58fe c8fae051 deca7f5d
[22:18:27] [main/DEBUG] [FastCraft/]: 3 / 21 applied
[22:18:27] [main/TRACE] [FastCraft/]: 63f669b5 2fef7b47 6a792565 1463c0bd c8279ba2 46e1af46 c1b32f3c 1ec4aa5e 7952d9ec 2c267258 77ccc8dd 937f2c9e 84274be4 ce4e7906 6518b690 e5fd58fe c8fae051 deca7f5d
[22:18:27] [main/DEBUG] [OpenMods/]: openmods.core.OpenModsClassTransformer$7$1.createVisitor(OpenModsClassTransformer.java:194): Trying to patch EntityPlayer (class: yz)
[22:18:27] [main/TRACE] [OpenMods/]: openmods.utils.StateTracker$StateUpdater.update(StateTracker.java:26): State of player_damage_hook updated from ENABLED to ACTIVATED
[22:18:27] [main/TRACE] [OpenMods/]: openmods.utils.StateTracker$StateUpdater.update(StateTracker.java:26): State of player_damage_hook updated from ACTIVATED to FINISHED
[22:18:27] [main/DEBUG] [OpenMods/]: openblocks.asm.OpenBlocksClassTransformer$1.createVisitor(OpenBlocksClassTransformer.java:19): Trying to patch EntityPlayer.isInBed (class: yz)
[22:18:27] [main/DEBUG] [OpenMods/]: openblocks.asm.EntityPlayerVisitor$HookMethodVisitor.visitCode(EntityPlayerVisitor.java:30): isInBed patch applied. Enabling sleeping bags
