[22:20:16] [Server thread/INFO]: Starting minecraft server version 1.7.10
[22:22:10] [Server thread/INFO]: Loading properties
[22:22:10] [Server thread/INFO]: Default game type: SURVIVAL
[22:22:10] [Server thread/INFO]: Generating keypair
[22:22:10] [Server thread/INFO]: Starting Minecraft server on *:25565
[22:22:12] [Server thread/WARN]: **** SERVER IS RUNNING IN OFFLINE/INSECURE MODE!
[22:22:12] [Server thread/WARN]: The server will make no attempt to authenticate usernames. Beware.
[22:22:12] [Server thread/WARN]: While this makes the game possible to play without internet access, it also opens up the ability for hackers to connect with any username they choose.
[22:22:12] [Server thread/WARN]: To change this, set "online-mode" to "true" in the server.properties file.
[22:23:12] [Server thread/WARN]: Failed to load user banlist: 
java.io.FileNotFoundException: banned-players.json (t参тぃ飓w豪僧住C)
	at java.io.FileInputStream.open0(Native Method) ~[?:1.8.0_241]
	at java.io.FileInputStream.open(Unknown Source) ~[?:1.8.0_241]
	at java.io.FileInputStream.<init>(Unknown Source) ~[?:1.8.0_241]
	at com.google.common.io.Files.newReader(Files.java:86) ~[guava-17.0.jar:?]
	at net.minecraft.server.management.UserList.func_152679_g(SourceFile:124) ~[om.class:?]
	at net.minecraft.server.dedicated.DedicatedPlayerList.func_152620_y(SourceFile:99) [ls.class:?]
	at net.minecraft.server.dedicated.DedicatedPlayerList.<init>(SourceFile:25) [ls.class:?]
	at net.minecraft.server.dedicated.DedicatedServer.func_71197_b(DedicatedServer.java:211) [lt.class:?]
	at net.minecraft.server.MinecraftServer.run(MinecraftServer.java:387) [MinecraftServer.class:?]
	at net.minecraft.server.MinecraftServer$2.run(MinecraftServer.java:685) [li.class:?]
[22:23:12] [Server thread/WARN]: Failed to load ip banlist: 
java.io.FileNotFoundException: banned-ips.json (t参тぃ飓w豪僧住C)
	at java.io.FileInputStream.open0(Native Method) ~[?:1.8.0_241]
	at java.io.FileInputStream.open(Unknown Source) ~[?:1.8.0_241]
	at java.io.FileInputStream.<init>(Unknown Source) ~[?:1.8.0_241]
	at com.google.common.io.Files.newReader(Files.java:86) ~[guava-17.0.jar:?]
	at net.minecraft.server.management.UserList.func_152679_g(SourceFile:124) ~[om.class:?]
	at net.minecraft.server.dedicated.DedicatedPlayerList.func_152619_x(SourceFile:91) [ls.class:?]
	at net.minecraft.server.dedicated.DedicatedPlayerList.<init>(SourceFile:27) [ls.class:?]
	at net.minecraft.server.dedicated.DedicatedServer.func_71197_b(DedicatedServer.java:211) [lt.class:?]
	at net.minecraft.server.MinecraftServer.run(MinecraftServer.java:387) [MinecraftServer.class:?]
	at net.minecraft.server.MinecraftServer$2.run(MinecraftServer.java:685) [li.class:?]
[22:23:12] [Server thread/WARN]: Failed to load operators list: 
java.io.FileNotFoundException: ops.json (t参тぃ飓w豪僧住C)
	at java.io.FileInputStream.open0(Native Method) ~[?:1.8.0_241]
	at java.io.FileInputStream.open(Unknown Source) ~[?:1.8.0_241]
	at java.io.FileInputStream.<init>(Unknown Source) ~[?:1.8.0_241]
	at com.google.common.io.Files.newReader(Files.java:86) ~[guava-17.0.jar:?]
	at net.minecraft.server.management.UserList.func_152679_g(SourceFile:124) ~[om.class:?]
	at net.minecraft.server.dedicated.DedicatedPlayerList.func_72417_t(SourceFile:107) [ls.class:?]
	at net.minecraft.server.dedicated.DedicatedPlayerList.<init>(SourceFile:29) [ls.class:?]
	at net.minecraft.server.dedicated.DedicatedServer.func_71197_b(DedicatedServer.java:211) [lt.class:?]
	at net.minecraft.server.MinecraftServer.run(MinecraftServer.java:387) [MinecraftServer.class:?]
	at net.minecraft.server.MinecraftServer$2.run(MinecraftServer.java:685) [li.class:?]
[22:23:12] [Server thread/WARN]: Failed to load white-list: 
java.io.FileNotFoundException: whitelist.json (t参тぃ飓w豪僧住C)
	at java.io.FileInputStream.open0(Native Method) ~[?:1.8.0_241]
	at java.io.FileInputStream.open(Unknown Source) ~[?:1.8.0_241]
	at java.io.FileInputStream.<init>(Unknown Source) ~[?:1.8.0_241]
	at com.google.common.io.Files.newReader(Files.java:86) ~[guava-17.0.jar:?]
	at net.minecraft.server.management.UserList.func_152679_g(SourceFile:124) ~[om.class:?]
	at net.minecraft.server.dedicated.DedicatedPlayerList.func_72418_v(SourceFile:123) [ls.class:?]
	at net.minecraft.server.dedicated.DedicatedPlayerList.<init>(SourceFile:30) [ls.class:?]
	at net.minecraft.server.dedicated.DedicatedServer.func_71197_b(DedicatedServer.java:211) [lt.class:?]
	at net.minecraft.server.MinecraftServer.run(MinecraftServer.java:387) [MinecraftServer.class:?]
	at net.minecraft.server.MinecraftServer$2.run(MinecraftServer.java:685) [li.class:?]
[22:23:14] [Server thread/INFO]: Preparing level "minecraft"
[22:23:14] [Server thread/WARN]: Unable to find spawn biome
[22:23:17] [Server thread/WARN]: Unable to find spawn biome
[22:23:19] [Server thread/WARN]: Unable to find spawn biome
[22:23:24] [Server thread/INFO]: Preparing start region for level 0
[22:23:25] [Server thread/INFO]: Preparing spawn area: 7%
[22:23:26] [Server thread/INFO]: Preparing spawn area: 12%
[22:23:27] [Server thread/INFO]: Preparing spawn area: 18%
[22:23:28] [Server thread/INFO]: Preparing spawn area: 23%
[22:23:31] [Server thread/INFO]: Preparing spawn area: 24%
[22:23:32] [Server thread/INFO]: Preparing spawn area: 30%
[22:23:33] [Server thread/INFO]: Preparing spawn area: 37%
[22:23:34] [Server thread/INFO]: Preparing spawn area: 43%
[22:23:35] [Server thread/INFO]: Preparing spawn area: 51%
[22:23:36] [Server thread/INFO]: Preparing spawn area: 58%
[22:23:37] [Server thread/INFO]: Preparing spawn area: 67%
[22:23:38] [Server thread/INFO]: Preparing spawn area: 75%
[22:23:39] [Server thread/INFO]: Preparing spawn area: 83%
[22:23:40] [Server thread/INFO]: Preparing spawn area: 89%
[22:23:41] [Server thread/INFO]: Preparing spawn area: 95%
[22:23:42] [Server thread/INFO]: Done (29.110s)! For help, type "help" or "?"
[22:23:42] [Server thread/INFO]: Starting GS4 status listener
[22:23:42] [Server thread/INFO]: Starting remote control listener
[22:23:42] [Query Listener #1/INFO]: Query running on 0.0.0.0:25565
[22:23:42] [Server thread/WARN]: No rcon password set in 'F:\01Minecraft\CCIT-Minecraft-Server\FTB_Infinity_1.7.10\server.properties', rcon disabled!
[22:31:50] [Server thread/INFO]: --- Showing help page 1 of 19 (/help <page>) ---
[22:31:50] [Server thread/INFO]: Commands provided by Applied Energistics 2 - use /ae2 list for a list, and /ae2 help _____ for help with a command.
[22:31:50] [Server thread/INFO]: /aroma1997 OR /aroma1997 reloadclient
[22:31:50] [Server thread/INFO]: /ban <name> [reason ...]
[22:31:50] [Server thread/INFO]: /bloodmagic-download-g-api
[22:31:50] [Server thread/INFO]: /etic_inspectHand
[22:31:50] [Server thread/INFO]: /etic_toolStats
[22:31:50] [Server thread/INFO]: /ftb_notify <player|@a> <json...>
[22:31:55] [Server thread/INFO]: Unknown command. Try /help for a list of commands
[22:31:59] [Server thread/INFO]: Stopping the server
[22:31:59] [Server thread/INFO]: Stopping server
[22:31:59] [Server thread/INFO]: Saving players
[22:31:59] [Server thread/INFO]: Saving worlds
[22:31:59] [Server thread/INFO]: Saving chunks for level 'minecraft'/Overworld
[22:31:59] [Server thread/INFO]: Saving chunks for level 'minecraft'/Nether
[22:31:59] [Server thread/INFO]: Saving chunks for level 'minecraft'/The End
[22:31:59] [Server thread/INFO]: Saving chunks for level 'minecraft'/Twilight Forest
[22:31:59] [Server thread/INFO]: Saving chunks for level 'minecraft'/Underdark
[22:31:59] [Server thread/INFO]: Saving chunks for level 'minecraft'/Dungeon
[22:31:59] [Server thread/INFO]: Saving chunks for level 'minecraft'/Spirit World
[22:31:59] [Server thread/INFO]: Saving chunks for level 'minecraft'/Torment
[22:31:59] [Server thread/INFO]: Saving chunks for level 'minecraft'/Mirror
[22:31:59] [Server thread/INFO]: Saving chunks for level 'minecraft'/The Outer Lands
[22:31:59] [Server thread/INFO]: Saving chunks for level 'minecraft'/Bedrock
[22:31:59] [Server thread/INFO]: Saving chunks for level 'minecraft'/The Last Millenium
[22:31:59] [Server thread/INFO]: Saving chunks for level 'minecraft'/Mining World
